

##############################################################
##############################################################

   ██████╗ ███╗   ███╗██╗ ██████╗██████╗  ██████╗ ███╗   ██╗
  ██╔═══██╗████╗ ████║██║██╔════╝██╔══██╗██╔═══██╗████╗  ██║
  ██║   ██║██╔████╔██║██║██║     ██████╔╝██║   ██║██╔██╗ ██║
  ██║   ██║██║╚██╔╝██║██║██║     ██╔══██╗██║   ██║██║╚██╗██║
  ╚██████╔╝██║ ╚═╝ ██║██║╚██████╗██║  ██║╚██████╔╝██║ ╚████║
   ╚═════╝ ╚═╝     ╚═╝╚═╝ ╚═════╝╚═╝  ╚═╝ ╚═════╝ ╚═╝  ╚═══╝
                                                    4.1.1
##############################################################
##############################################################


IO::ParseFile: Parse file ./config.txt		ok
Omicron::ReadOptions: number of options = 43
ffl::ffl: detect file format
ffl::ffl: detected file format = ffl
ffl::DefineTmpDir: working ffl file = ./myffl.ffl
ffl::DefineTmpDir: working ffl file = ./myffl.ffl
ffl::Reset: reset ffl
ffl::LoadFrameFile: load FFL file
ffl::LoadFrameFile: extract frame information
ffl::LoadFrameFile: check frame information
ffl::ExtractChannels: extracted information = 
H1:PEM-VAULT_MAG_1030X195Y_COIL_X_DQ 4096
Streams::MakeDetector: this stream (H1:PEM-VAULT_MAG_1030X195Y_COIL_X_DQ) is associated to detector: Hanford1 (H1)
Sample::SetFrequencies: new native sampling frequency (4096Hz)
Sample::SetFrequencies: new working sampling frequency (2048Hz)
Sample::MakeSamplingFilters: building butterworth filters
Sample::SetHighPassFrequency: building high-pass filters
Otile::Otile: creating 4 Q-planes
Oqplane::PrintParameters:
	- Q                         = 5.98140
	- Time range                = 64 s
	- Time resolution           = 0.00098 s - 0.03125 s
	- Frequency range           = 16.00000-658.73688 Hz
	- Number of frequency bands = 20
	- Frequency resolution      = 3.26857 Hz - 111.74311 Hz
	- Number of tiles           = 501760
	- Number of bins (internal) = 1310720
Oqplane::PrintParameters:
	- Q                         = 13.37481
	- Time range                = 64 s
	- Time resolution           = 0.00098 s - 0.06250 s
	- Frequency range           = 16.00000-820.52890 Hz
	- Number of frequency bands = 42
	- Frequency resolution      = 1.57250 Hz - 73.42635 Hz
	- Number of tiles           = 596992
	- Number of bins (internal) = 2752512
Oqplane::PrintParameters:
	- Q                         = 29.90698
	- Time range                = 64 s
	- Time resolution           = 0.00195 s - 0.12500 s
	- Frequency range           = 16.00000-921.77677 Hz
	- Number of frequency bands = 96
	- Frequency resolution      = 0.69009 Hz - 38.11278 Hz
	- Number of tiles           = 662528
	- Number of bins (internal) = 3145728
Oqplane::PrintParameters:
	- Q                         = 66.87403
	- Time range                = 64 s
	- Time resolution           = 0.00391 s - 0.25000 s
	- Frequency range           = 16.00000-975.61430 Hz
	- Number of frequency bands = 218
	- Frequency resolution      = 0.30455 Hz - 18.22326 Hz
	- Number of tiles           = 700416
	- Number of bins (internal) = 3571712
************* Spectrum::Spectrum *************
Input data sampling frequency = 2048 Hz
PSD size                      = 2049 points
PSD resolution                = 0.50000 Hz
Number of even samples        = 150
Number of odd samples         = 149
**********************************************
************* Spectrum::Spectrum *************
Input data sampling frequency = 2048 Hz
PSD size                      = 2049 points
PSD resolution                = 0.50000 Hz
Number of even samples        = 150
Number of odd samples         = 149
**********************************************
InjRea::InjRea: 0 injections are loaded

>>>>>>>>>> (02:30:33 UTC) [+6s]: Omicron has been successfully initiated <<<<<<<<<<

Omicron::InitSegments: initiate data segments...
	- save input segments
Osequence::SetSegments: setting new segments
	- in: 1238170954.00000-1238172929.00000
	- extract channels (FFL)
ffl::ExtractChannels: extracted information = 
H1:PEM-VAULT_MAG_1030X195Y_COIL_X_DQ 4096
	- N input segments   = 1
	- Input livetime     = 1975.00000
Omicron::MakeDirectories: make directory structure...
	- create channel directories
	- open injection report file

>>>>>>>>>> (02:30:33 UTC) [+6s]: Start looping over channels and chunks <<<<<<<<<<

Omicron::NewChannel: load a new channel...
	- channel H1:PEM-VAULT_MAG_1030X195Y_COIL_X_DQ (1/1) is loaded
Omicron::NewChunk: call a new chunk...
Osequence::NewChunk: 1238170954-1238171018
	- chunk 1238170954-1238171018 is loaded (start a new segment)

>>>>>>>>>> (02:30:33 UTC) [+6s]: Processing H1:PEM-VAULT_MAG_1030X195Y_COIL_X_DQ 1238170954-1238171018 <<<<<<<<<<

Omicron::LoadData: load data vector...
	- get data from frames...
ffl::GetData: read data for H1:PEM-VAULT_MAG_1030X195Y_COIL_X_DQ between 1238170954.00000 and 1238171018.00000
ffl::GetData: 262144 samples
	- perform software injections...
Omicron::Condition: condition data vector...
	- transform data vector...
Sample::Transform: remove DC component...
Sample::Transform: resample input data...
Sample::Resample: apply anti-aliasing filters
Sample::Resample: decimate time-series
	- apply Tukey window...
	- update spectrum 1...
Spectrum::AddData: compute PSD
Spectrum::ComputeMedianMean: the PSD estimation is not nominal: 30/29 subPSDs are used instead of 150/149
	- move the data in the frequency domain...
	- whiten chunk (1)
	- move the data back in the time domain...
	- update spectrum 2...
Spectrum::AddData: compute PSD
Spectrum::ComputeMedianMean: the PSD estimation is not nominal: 30/29 subPSDs are used instead of 150/149
	- move the data in the frequency domain...
	- whiten chunk (2)
	- compute tiling power...
Omicron::Project: project data onto the tiles...
Otile::ProjectData: project the data on the Q planes
Omicron::WriteOutput: write chunk output...
	- write triggers 
Omicron::ExtractTriggers: 4781 triggers
Otile::SaveTriggers: saving triggers for H1:PEM-VAULT_MAG_1030X195Y_COIL_X_DQ in 1238170956.00000-1238171016.00000
Omicron::FlushTriggers
TriggerBuffer::Flush: 4781 triggers
	 - flushed
Triggers::SortTriggers: sorting triggers
	 - triggers sorted
	 - 4781 triggers
Omicron::WriteTriggers
MakeTriggers::Write: 4781 triggers
                     1 segments
                     in ./output/H1:PEM-VAULT_MAG_1030X195Y_COIL_X_DQ/H1-PEM_VAULT_MAG_1030X195Y_COIL_X_DQ_OMICRON-1238170956-60.root
MakeTriggers::Reset: reset all
Omicron::NewChunk: call a new chunk...
Osequence::NewChunk: 1238171014-1238171078
	- chunk 1238171014-1238171078 is loaded

>>>>>>>>>> (02:30:34 UTC) [+7s]: Processing H1:PEM-VAULT_MAG_1030X195Y_COIL_X_DQ 1238171014-1238171078 <<<<<<<<<<

Omicron::LoadData: load data vector...
	- get data from frames...
ffl::GetData: read data for H1:PEM-VAULT_MAG_1030X195Y_COIL_X_DQ between 1238171014.00000 and 1238171078.00000
ffl::GetData: 262144 samples
	- perform software injections...
Omicron::Condition: condition data vector...
	- transform data vector...
Sample::Transform: remove DC component...
Sample::Transform: resample input data...
Sample::Resample: apply anti-aliasing filters
Sample::Resample: decimate time-series
	- apply Tukey window...
	- update spectrum 1...
Spectrum::AddData: compute PSD
Spectrum::ComputeMedianMean: the PSD estimation is not nominal: 60/58 subPSDs are used instead of 150/149
	- move the data in the frequency domain...
	- whiten chunk (1)
	- move the data back in the time domain...
	- update spectrum 2...
Spectrum::AddData: compute PSD
Spectrum::ComputeMedianMean: the PSD estimation is not nominal: 60/58 subPSDs are used instead of 150/149
	- move the data in the frequency domain...
	- whiten chunk (2)
	- compute tiling power...
Omicron::Project: project data onto the tiles...
Otile::ProjectData: project the data on the Q planes
Omicron::WriteOutput: write chunk output...
	- write triggers 
Omicron::ExtractTriggers: 10401 triggers
Otile::SaveTriggers: saving triggers for H1:PEM-VAULT_MAG_1030X195Y_COIL_X_DQ in 1238171016.00000-1238171076.00000
Omicron::FlushTriggers
TriggerBuffer::Flush: 10401 triggers
	 - flushed
Triggers::SortTriggers: sorting triggers
	 - triggers sorted
	 - 10401 triggers
Omicron::WriteTriggers
MakeTriggers::Write: 10401 triggers
                     1 segments
                     in ./output/H1:PEM-VAULT_MAG_1030X195Y_COIL_X_DQ/H1-PEM_VAULT_MAG_1030X195Y_COIL_X_DQ_OMICRON-1238171016-60.root
MakeTriggers::Reset: reset all
Omicron::NewChunk: call a new chunk...
Osequence::NewChunk: 1238171074-1238171138
	- chunk 1238171074-1238171138 is loaded

>>>>>>>>>> (02:30:34 UTC) [+7s]: Processing H1:PEM-VAULT_MAG_1030X195Y_COIL_X_DQ 1238171074-1238171138 <<<<<<<<<<

Omicron::LoadData: load data vector...
	- get data from frames...
ffl::GetData: read data for H1:PEM-VAULT_MAG_1030X195Y_COIL_X_DQ between 1238171074.00000 and 1238171138.00000
ffl::GetData: 262144 samples
	- perform software injections...
Omicron::Condition: condition data vector...
	- transform data vector...
Sample::Transform: remove DC component...
Sample::Transform: resample input data...
Sample::Resample: apply anti-aliasing filters
Sample::Resample: decimate time-series
	- apply Tukey window...
	- update spectrum 1...
Spectrum::AddData: compute PSD
Spectrum::ComputeMedianMean: the PSD estimation is not nominal: 90/87 subPSDs are used instead of 150/149
	- move the data in the frequency domain...
	- whiten chunk (1)
	- move the data back in the time domain...
	- update spectrum 2...
Spectrum::AddData: compute PSD
Spectrum::ComputeMedianMean: the PSD estimation is not nominal: 90/87 subPSDs are used instead of 150/149
	- move the data in the frequency domain...
	- whiten chunk (2)
	- compute tiling power...
Omicron::Project: project data onto the tiles...
Otile::ProjectData: project the data on the Q planes
Omicron::WriteOutput: write chunk output...
	- write triggers 
Omicron::ExtractTriggers: 6212 triggers
Otile::SaveTriggers: saving triggers for H1:PEM-VAULT_MAG_1030X195Y_COIL_X_DQ in 1238171076.00000-1238171136.00000
Omicron::FlushTriggers
TriggerBuffer::Flush: 6212 triggers
	 - flushed
Triggers::SortTriggers: sorting triggers
	 - triggers sorted
	 - 6212 triggers
Omicron::WriteTriggers
MakeTriggers::Write: 6212 triggers
                     1 segments
                     in ./output/H1:PEM-VAULT_MAG_1030X195Y_COIL_X_DQ/H1-PEM_VAULT_MAG_1030X195Y_COIL_X_DQ_OMICRON-1238171076-60.root
MakeTriggers::Reset: reset all
Omicron::NewChunk: call a new chunk...
Osequence::NewChunk: 1238171134-1238171198
	- chunk 1238171134-1238171198 is loaded

>>>>>>>>>> (02:30:35 UTC) [+8s]: Processing H1:PEM-VAULT_MAG_1030X195Y_COIL_X_DQ 1238171134-1238171198 <<<<<<<<<<

Omicron::LoadData: load data vector...
	- get data from frames...
ffl::GetData: read data for H1:PEM-VAULT_MAG_1030X195Y_COIL_X_DQ between 1238171134.00000 and 1238171198.00000
ffl::GetData: 262144 samples
	- perform software injections...
Omicron::Condition: condition data vector...
	- transform data vector...
Sample::Transform: remove DC component...
Sample::Transform: resample input data...
Sample::Resample: apply anti-aliasing filters
Sample::Resample: decimate time-series
	- apply Tukey window...
	- update spectrum 1...
Spectrum::AddData: compute PSD
Spectrum::ComputeMedianMean: the PSD estimation is not nominal: 120/116 subPSDs are used instead of 150/149
	- move the data in the frequency domain...
	- whiten chunk (1)
	- move the data back in the time domain...
	- update spectrum 2...
Spectrum::AddData: compute PSD
Spectrum::ComputeMedianMean: the PSD estimation is not nominal: 120/116 subPSDs are used instead of 150/149
	- move the data in the frequency domain...
	- whiten chunk (2)
	- compute tiling power...
Omicron::Project: project data onto the tiles...
Otile::ProjectData: project the data on the Q planes
Omicron::WriteOutput: write chunk output...
	- write triggers 
Omicron::ExtractTriggers: 7999 triggers
Otile::SaveTriggers: saving triggers for H1:PEM-VAULT_MAG_1030X195Y_COIL_X_DQ in 1238171136.00000-1238171196.00000
Omicron::FlushTriggers
TriggerBuffer::Flush: 7999 triggers
	 - flushed
Triggers::SortTriggers: sorting triggers
	 - triggers sorted
	 - 7999 triggers
Omicron::WriteTriggers
MakeTriggers::Write: 7999 triggers
                     1 segments
                     in ./output/H1:PEM-VAULT_MAG_1030X195Y_COIL_X_DQ/H1-PEM_VAULT_MAG_1030X195Y_COIL_X_DQ_OMICRON-1238171136-60.root
MakeTriggers::Reset: reset all
Omicron::NewChunk: call a new chunk...
Osequence::NewChunk: 1238171194-1238171258
	- chunk 1238171194-1238171258 is loaded

>>>>>>>>>> (02:30:35 UTC) [+8s]: Processing H1:PEM-VAULT_MAG_1030X195Y_COIL_X_DQ 1238171194-1238171258 <<<<<<<<<<

Omicron::LoadData: load data vector...
	- get data from frames...
ffl::GetData: read data for H1:PEM-VAULT_MAG_1030X195Y_COIL_X_DQ between 1238171194.00000 and 1238171258.00000
ffl::GetData: 262144 samples
	- perform software injections...
Omicron::Condition: condition data vector...
	- transform data vector...
Sample::Transform: remove DC component...
Sample::Transform: resample input data...
Sample::Resample: apply anti-aliasing filters
Sample::Resample: decimate time-series
	- apply Tukey window...
	- update spectrum 1...
Spectrum::AddData: compute PSD
Spectrum::ComputeMedianMean: the PSD estimation is not nominal: 150/145 subPSDs are used instead of 150/149
	- move the data in the frequency domain...
	- whiten chunk (1)
	- move the data back in the time domain...
	- update spectrum 2...
Spectrum::AddData: compute PSD
Spectrum::ComputeMedianMean: the PSD estimation is not nominal: 150/145 subPSDs are used instead of 150/149
	- move the data in the frequency domain...
	- whiten chunk (2)
	- compute tiling power...
Omicron::Project: project data onto the tiles...
Otile::ProjectData: project the data on the Q planes
Omicron::WriteOutput: write chunk output...
	- write triggers 
Omicron::ExtractTriggers: 4465 triggers
Otile::SaveTriggers: saving triggers for H1:PEM-VAULT_MAG_1030X195Y_COIL_X_DQ in 1238171196.00000-1238171256.00000
Omicron::FlushTriggers
TriggerBuffer::Flush: 4465 triggers
	 - flushed
Triggers::SortTriggers: sorting triggers
	 - triggers sorted
	 - 4465 triggers
Omicron::WriteTriggers
MakeTriggers::Write: 4465 triggers
                     1 segments
                     in ./output/H1:PEM-VAULT_MAG_1030X195Y_COIL_X_DQ/H1-PEM_VAULT_MAG_1030X195Y_COIL_X_DQ_OMICRON-1238171196-60.root
MakeTriggers::Reset: reset all
Omicron::NewChunk: call a new chunk...
Osequence::NewChunk: 1238171254-1238171318
	- chunk 1238171254-1238171318 is loaded

>>>>>>>>>> (02:30:36 UTC) [+9s]: Processing H1:PEM-VAULT_MAG_1030X195Y_COIL_X_DQ 1238171254-1238171318 <<<<<<<<<<

Omicron::LoadData: load data vector...
	- get data from frames...
ffl::GetData: read data for H1:PEM-VAULT_MAG_1030X195Y_COIL_X_DQ between 1238171254.00000 and 1238171318.00000
ffl::GetData: 262144 samples
	- perform software injections...
Omicron::Condition: condition data vector...
	- transform data vector...
Sample::Transform: remove DC component...
Sample::Transform: resample input data...
Sample::Resample: apply anti-aliasing filters
Sample::Resample: decimate time-series
	- apply Tukey window...
	- update spectrum 1...
Spectrum::AddData: compute PSD
	- move the data in the frequency domain...
	- whiten chunk (1)
	- move the data back in the time domain...
	- update spectrum 2...
Spectrum::AddData: compute PSD
	- move the data in the frequency domain...
	- whiten chunk (2)
	- compute tiling power...
Omicron::Project: project data onto the tiles...
Otile::ProjectData: project the data on the Q planes
Omicron::WriteOutput: write chunk output...
	- write triggers 
Omicron::ExtractTriggers: 7547 triggers
Otile::SaveTriggers: saving triggers for H1:PEM-VAULT_MAG_1030X195Y_COIL_X_DQ in 1238171256.00000-1238171316.00000
Omicron::FlushTriggers
TriggerBuffer::Flush: 7547 triggers
	 - flushed
Triggers::SortTriggers: sorting triggers
	 - triggers sorted
	 - 7547 triggers
Omicron::WriteTriggers
MakeTriggers::Write: 7547 triggers
                     1 segments
                     in ./output/H1:PEM-VAULT_MAG_1030X195Y_COIL_X_DQ/H1-PEM_VAULT_MAG_1030X195Y_COIL_X_DQ_OMICRON-1238171256-60.root
MakeTriggers::Reset: reset all
Omicron::NewChunk: call a new chunk...
Osequence::NewChunk: 1238171314-1238171378
	- chunk 1238171314-1238171378 is loaded

>>>>>>>>>> (02:30:36 UTC) [+9s]: Processing H1:PEM-VAULT_MAG_1030X195Y_COIL_X_DQ 1238171314-1238171378 <<<<<<<<<<

Omicron::LoadData: load data vector...
	- get data from frames...
ffl::GetData: read data for H1:PEM-VAULT_MAG_1030X195Y_COIL_X_DQ between 1238171314.00000 and 1238171378.00000
ffl::GetData: 262144 samples
	- perform software injections...
Omicron::Condition: condition data vector...
	- transform data vector...
Sample::Transform: remove DC component...
Sample::Transform: resample input data...
Sample::Resample: apply anti-aliasing filters
Sample::Resample: decimate time-series
	- apply Tukey window...
	- update spectrum 1...
Spectrum::AddData: compute PSD
	- move the data in the frequency domain...
	- whiten chunk (1)
	- move the data back in the time domain...
	- update spectrum 2...
Spectrum::AddData: compute PSD
	- move the data in the frequency domain...
	- whiten chunk (2)
	- compute tiling power...
Omicron::Project: project data onto the tiles...
Otile::ProjectData: project the data on the Q planes
Omicron::WriteOutput: write chunk output...
	- write triggers 
Omicron::ExtractTriggers: 4782 triggers
Otile::SaveTriggers: saving triggers for H1:PEM-VAULT_MAG_1030X195Y_COIL_X_DQ in 1238171316.00000-1238171376.00000
Omicron::FlushTriggers
TriggerBuffer::Flush: 4782 triggers
	 - flushed
Triggers::SortTriggers: sorting triggers
	 - triggers sorted
	 - 4782 triggers
Omicron::WriteTriggers
MakeTriggers::Write: 4782 triggers
                     1 segments
                     in ./output/H1:PEM-VAULT_MAG_1030X195Y_COIL_X_DQ/H1-PEM_VAULT_MAG_1030X195Y_COIL_X_DQ_OMICRON-1238171316-60.root
MakeTriggers::Reset: reset all
Omicron::NewChunk: call a new chunk...
Osequence::NewChunk: 1238171374-1238171438
	- chunk 1238171374-1238171438 is loaded

>>>>>>>>>> (02:30:37 UTC) [+10s]: Processing H1:PEM-VAULT_MAG_1030X195Y_COIL_X_DQ 1238171374-1238171438 <<<<<<<<<<

Omicron::LoadData: load data vector...
	- get data from frames...
ffl::GetData: read data for H1:PEM-VAULT_MAG_1030X195Y_COIL_X_DQ between 1238171374.00000 and 1238171438.00000
ffl::GetData: 262144 samples
	- perform software injections...
Omicron::Condition: condition data vector...
	- transform data vector...
Sample::Transform: remove DC component...
Sample::Transform: resample input data...
Sample::Resample: apply anti-aliasing filters
Sample::Resample: decimate time-series
	- apply Tukey window...
	- update spectrum 1...
Spectrum::AddData: compute PSD
	- move the data in the frequency domain...
	- whiten chunk (1)
	- move the data back in the time domain...
	- update spectrum 2...
Spectrum::AddData: compute PSD
	- move the data in the frequency domain...
	- whiten chunk (2)
	- compute tiling power...
Omicron::Project: project data onto the tiles...
Otile::ProjectData: project the data on the Q planes
Omicron::WriteOutput: write chunk output...
	- write triggers 
Omicron::ExtractTriggers: 8753 triggers
Otile::SaveTriggers: saving triggers for H1:PEM-VAULT_MAG_1030X195Y_COIL_X_DQ in 1238171376.00000-1238171436.00000
Omicron::FlushTriggers
TriggerBuffer::Flush: 8753 triggers
	 - flushed
Triggers::SortTriggers: sorting triggers
	 - triggers sorted
	 - 8753 triggers
Omicron::WriteTriggers
MakeTriggers::Write: 8753 triggers
                     1 segments
                     in ./output/H1:PEM-VAULT_MAG_1030X195Y_COIL_X_DQ/H1-PEM_VAULT_MAG_1030X195Y_COIL_X_DQ_OMICRON-1238171376-60.root
MakeTriggers::Reset: reset all
Omicron::NewChunk: call a new chunk...
Osequence::NewChunk: 1238171434-1238171498
	- chunk 1238171434-1238171498 is loaded

>>>>>>>>>> (02:30:37 UTC) [+10s]: Processing H1:PEM-VAULT_MAG_1030X195Y_COIL_X_DQ 1238171434-1238171498 <<<<<<<<<<

Omicron::LoadData: load data vector...
	- get data from frames...
ffl::GetData: read data for H1:PEM-VAULT_MAG_1030X195Y_COIL_X_DQ between 1238171434.00000 and 1238171498.00000
ffl::GetData: 262144 samples
	- perform software injections...
Omicron::Condition: condition data vector...
	- transform data vector...
Sample::Transform: remove DC component...
Sample::Transform: resample input data...
Sample::Resample: apply anti-aliasing filters
Sample::Resample: decimate time-series
	- apply Tukey window...
	- update spectrum 1...
Spectrum::AddData: compute PSD
	- move the data in the frequency domain...
	- whiten chunk (1)
	- move the data back in the time domain...
	- update spectrum 2...
Spectrum::AddData: compute PSD
	- move the data in the frequency domain...
	- whiten chunk (2)
	- compute tiling power...
Omicron::Project: project data onto the tiles...
Otile::ProjectData: project the data on the Q planes
Omicron::WriteOutput: write chunk output...
	- write triggers 
Omicron::ExtractTriggers: 7729 triggers
Otile::SaveTriggers: saving triggers for H1:PEM-VAULT_MAG_1030X195Y_COIL_X_DQ in 1238171436.00000-1238171496.00000
Omicron::FlushTriggers
TriggerBuffer::Flush: 7729 triggers
	 - flushed
Triggers::SortTriggers: sorting triggers
	 - triggers sorted
	 - 7729 triggers
Omicron::WriteTriggers
MakeTriggers::Write: 7729 triggers
                     1 segments
                     in ./output/H1:PEM-VAULT_MAG_1030X195Y_COIL_X_DQ/H1-PEM_VAULT_MAG_1030X195Y_COIL_X_DQ_OMICRON-1238171436-60.root
MakeTriggers::Reset: reset all
Omicron::NewChunk: call a new chunk...
Osequence::NewChunk: 1238171494-1238171558
	- chunk 1238171494-1238171558 is loaded

>>>>>>>>>> (02:30:38 UTC) [+11s]: Processing H1:PEM-VAULT_MAG_1030X195Y_COIL_X_DQ 1238171494-1238171558 <<<<<<<<<<

Omicron::LoadData: load data vector...
	- get data from frames...
ffl::GetData: read data for H1:PEM-VAULT_MAG_1030X195Y_COIL_X_DQ between 1238171494.00000 and 1238171558.00000
ffl::GetData: 262144 samples
	- perform software injections...
Omicron::Condition: condition data vector...
	- transform data vector...
Sample::Transform: remove DC component...
Sample::Transform: resample input data...
Sample::Resample: apply anti-aliasing filters
Sample::Resample: decimate time-series
	- apply Tukey window...
	- update spectrum 1...
Spectrum::AddData: compute PSD
	- move the data in the frequency domain...
	- whiten chunk (1)
	- move the data back in the time domain...
	- update spectrum 2...
Spectrum::AddData: compute PSD
	- move the data in the frequency domain...
	- whiten chunk (2)
	- compute tiling power...
Omicron::Project: project data onto the tiles...
Otile::ProjectData: project the data on the Q planes
Omicron::WriteOutput: write chunk output...
	- write triggers 
Omicron::ExtractTriggers: 10146 triggers
Otile::SaveTriggers: saving triggers for H1:PEM-VAULT_MAG_1030X195Y_COIL_X_DQ in 1238171496.00000-1238171556.00000
Omicron::FlushTriggers
TriggerBuffer::Flush: 10146 triggers
	 - flushed
Triggers::SortTriggers: sorting triggers
	 - triggers sorted
	 - 10146 triggers
Omicron::WriteTriggers
MakeTriggers::Write: 10146 triggers
                     1 segments
                     in ./output/H1:PEM-VAULT_MAG_1030X195Y_COIL_X_DQ/H1-PEM_VAULT_MAG_1030X195Y_COIL_X_DQ_OMICRON-1238171496-60.root
MakeTriggers::Reset: reset all
Omicron::NewChunk: call a new chunk...
Osequence::NewChunk: 1238171554-1238171618
	- chunk 1238171554-1238171618 is loaded

>>>>>>>>>> (02:30:38 UTC) [+11s]: Processing H1:PEM-VAULT_MAG_1030X195Y_COIL_X_DQ 1238171554-1238171618 <<<<<<<<<<

Omicron::LoadData: load data vector...
	- get data from frames...
ffl::GetData: read data for H1:PEM-VAULT_MAG_1030X195Y_COIL_X_DQ between 1238171554.00000 and 1238171618.00000
ffl::GetData: 262144 samples
	- perform software injections...
Omicron::Condition: condition data vector...
	- transform data vector...
Sample::Transform: remove DC component...
Sample::Transform: resample input data...
Sample::Resample: apply anti-aliasing filters
Sample::Resample: decimate time-series
	- apply Tukey window...
	- update spectrum 1...
Spectrum::AddData: compute PSD
	- move the data in the frequency domain...
	- whiten chunk (1)
	- move the data back in the time domain...
	- update spectrum 2...
Spectrum::AddData: compute PSD
	- move the data in the frequency domain...
	- whiten chunk (2)
	- compute tiling power...
Omicron::Project: project data onto the tiles...
Otile::ProjectData: project the data on the Q planes
Omicron::WriteOutput: write chunk output...
	- write triggers 
Omicron::ExtractTriggers: 13601 triggers
Otile::SaveTriggers: saving triggers for H1:PEM-VAULT_MAG_1030X195Y_COIL_X_DQ in 1238171556.00000-1238171616.00000
Omicron::FlushTriggers
TriggerBuffer::Flush: 13601 triggers
	 - flushed
Triggers::SortTriggers: sorting triggers
	 - triggers sorted
	 - 13601 triggers
Omicron::WriteTriggers
MakeTriggers::Write: 13601 triggers
                     1 segments
                     in ./output/H1:PEM-VAULT_MAG_1030X195Y_COIL_X_DQ/H1-PEM_VAULT_MAG_1030X195Y_COIL_X_DQ_OMICRON-1238171556-60.root
MakeTriggers::Reset: reset all
Omicron::NewChunk: call a new chunk...
Osequence::NewChunk: 1238171614-1238171678
	- chunk 1238171614-1238171678 is loaded

>>>>>>>>>> (02:30:39 UTC) [+12s]: Processing H1:PEM-VAULT_MAG_1030X195Y_COIL_X_DQ 1238171614-1238171678 <<<<<<<<<<

Omicron::LoadData: load data vector...
	- get data from frames...
ffl::GetData: read data for H1:PEM-VAULT_MAG_1030X195Y_COIL_X_DQ between 1238171614.00000 and 1238171678.00000
ffl::GetData: 262144 samples
	- perform software injections...
Omicron::Condition: condition data vector...
	- transform data vector...
Sample::Transform: remove DC component...
Sample::Transform: resample input data...
Sample::Resample: apply anti-aliasing filters
Sample::Resample: decimate time-series
	- apply Tukey window...
	- update spectrum 1...
Spectrum::AddData: compute PSD
	- move the data in the frequency domain...
	- whiten chunk (1)
	- move the data back in the time domain...
	- update spectrum 2...
Spectrum::AddData: compute PSD
	- move the data in the frequency domain...
	- whiten chunk (2)
	- compute tiling power...
Omicron::Project: project data onto the tiles...
Otile::ProjectData: project the data on the Q planes
Omicron::WriteOutput: write chunk output...
	- write triggers 
Omicron::ExtractTriggers: 10718 triggers
Otile::SaveTriggers: saving triggers for H1:PEM-VAULT_MAG_1030X195Y_COIL_X_DQ in 1238171616.00000-1238171676.00000
Omicron::FlushTriggers
TriggerBuffer::Flush: 10718 triggers
	 - flushed
Triggers::SortTriggers: sorting triggers
	 - triggers sorted
	 - 10718 triggers
Omicron::WriteTriggers
MakeTriggers::Write: 10718 triggers
                     1 segments
                     in ./output/H1:PEM-VAULT_MAG_1030X195Y_COIL_X_DQ/H1-PEM_VAULT_MAG_1030X195Y_COIL_X_DQ_OMICRON-1238171616-60.root
MakeTriggers::Reset: reset all
Omicron::NewChunk: call a new chunk...
Osequence::NewChunk: 1238171674-1238171738
	- chunk 1238171674-1238171738 is loaded

>>>>>>>>>> (02:30:39 UTC) [+12s]: Processing H1:PEM-VAULT_MAG_1030X195Y_COIL_X_DQ 1238171674-1238171738 <<<<<<<<<<

Omicron::LoadData: load data vector...
	- get data from frames...
ffl::GetData: read data for H1:PEM-VAULT_MAG_1030X195Y_COIL_X_DQ between 1238171674.00000 and 1238171738.00000
ffl::GetData: 262144 samples
	- perform software injections...
Omicron::Condition: condition data vector...
	- transform data vector...
Sample::Transform: remove DC component...
Sample::Transform: resample input data...
Sample::Resample: apply anti-aliasing filters
Sample::Resample: decimate time-series
	- apply Tukey window...
	- update spectrum 1...
Spectrum::AddData: compute PSD
	- move the data in the frequency domain...
	- whiten chunk (1)
	- move the data back in the time domain...
	- update spectrum 2...
Spectrum::AddData: compute PSD
	- move the data in the frequency domain...
	- whiten chunk (2)
	- compute tiling power...
Omicron::Project: project data onto the tiles...
Otile::ProjectData: project the data on the Q planes
Omicron::WriteOutput: write chunk output...
	- write triggers 
Omicron::ExtractTriggers: 9293 triggers
Otile::SaveTriggers: saving triggers for H1:PEM-VAULT_MAG_1030X195Y_COIL_X_DQ in 1238171676.00000-1238171736.00000
Omicron::FlushTriggers
TriggerBuffer::Flush: 9293 triggers
	 - flushed
Triggers::SortTriggers: sorting triggers
	 - triggers sorted
	 - 9293 triggers
Omicron::WriteTriggers
MakeTriggers::Write: 9293 triggers
                     1 segments
                     in ./output/H1:PEM-VAULT_MAG_1030X195Y_COIL_X_DQ/H1-PEM_VAULT_MAG_1030X195Y_COIL_X_DQ_OMICRON-1238171676-60.root
MakeTriggers::Reset: reset all
Omicron::NewChunk: call a new chunk...
Osequence::NewChunk: 1238171734-1238171798
	- chunk 1238171734-1238171798 is loaded

>>>>>>>>>> (02:30:40 UTC) [+13s]: Processing H1:PEM-VAULT_MAG_1030X195Y_COIL_X_DQ 1238171734-1238171798 <<<<<<<<<<

Omicron::LoadData: load data vector...
	- get data from frames...
ffl::GetData: read data for H1:PEM-VAULT_MAG_1030X195Y_COIL_X_DQ between 1238171734.00000 and 1238171798.00000
ffl::GetData: 262144 samples
	- perform software injections...
Omicron::Condition: condition data vector...
	- transform data vector...
Sample::Transform: remove DC component...
Sample::Transform: resample input data...
Sample::Resample: apply anti-aliasing filters
Sample::Resample: decimate time-series
	- apply Tukey window...
	- update spectrum 1...
Spectrum::AddData: compute PSD
	- move the data in the frequency domain...
	- whiten chunk (1)
	- move the data back in the time domain...
	- update spectrum 2...
Spectrum::AddData: compute PSD
	- move the data in the frequency domain...
	- whiten chunk (2)
	- compute tiling power...
Omicron::Project: project data onto the tiles...
Otile::ProjectData: project the data on the Q planes
Omicron::WriteOutput: write chunk output...
	- write triggers 
Omicron::ExtractTriggers: 7434 triggers
Otile::SaveTriggers: saving triggers for H1:PEM-VAULT_MAG_1030X195Y_COIL_X_DQ in 1238171736.00000-1238171796.00000
Omicron::FlushTriggers
TriggerBuffer::Flush: 7434 triggers
	 - flushed
Triggers::SortTriggers: sorting triggers
	 - triggers sorted
	 - 7434 triggers
Omicron::WriteTriggers
MakeTriggers::Write: 7434 triggers
                     1 segments
                     in ./output/H1:PEM-VAULT_MAG_1030X195Y_COIL_X_DQ/H1-PEM_VAULT_MAG_1030X195Y_COIL_X_DQ_OMICRON-1238171736-60.root
MakeTriggers::Reset: reset all
Omicron::NewChunk: call a new chunk...
Osequence::NewChunk: 1238171794-1238171858
	- chunk 1238171794-1238171858 is loaded

>>>>>>>>>> (02:30:41 UTC) [+14s]: Processing H1:PEM-VAULT_MAG_1030X195Y_COIL_X_DQ 1238171794-1238171858 <<<<<<<<<<

Omicron::LoadData: load data vector...
	- get data from frames...
ffl::GetData: read data for H1:PEM-VAULT_MAG_1030X195Y_COIL_X_DQ between 1238171794.00000 and 1238171858.00000
ffl::GetData: 262144 samples
	- perform software injections...
Omicron::Condition: condition data vector...
	- transform data vector...
Sample::Transform: remove DC component...
Sample::Transform: resample input data...
Sample::Resample: apply anti-aliasing filters
Sample::Resample: decimate time-series
	- apply Tukey window...
	- update spectrum 1...
Spectrum::AddData: compute PSD
	- move the data in the frequency domain...
	- whiten chunk (1)
	- move the data back in the time domain...
	- update spectrum 2...
Spectrum::AddData: compute PSD
	- move the data in the frequency domain...
	- whiten chunk (2)
	- compute tiling power...
Omicron::Project: project data onto the tiles...
Otile::ProjectData: project the data on the Q planes
Omicron::WriteOutput: write chunk output...
	- write triggers 
Omicron::ExtractTriggers: 8509 triggers
Otile::SaveTriggers: saving triggers for H1:PEM-VAULT_MAG_1030X195Y_COIL_X_DQ in 1238171796.00000-1238171856.00000
Omicron::FlushTriggers
TriggerBuffer::Flush: 8509 triggers
	 - flushed
Triggers::SortTriggers: sorting triggers
	 - triggers sorted
	 - 8509 triggers
Omicron::WriteTriggers
MakeTriggers::Write: 8509 triggers
                     1 segments
                     in ./output/H1:PEM-VAULT_MAG_1030X195Y_COIL_X_DQ/H1-PEM_VAULT_MAG_1030X195Y_COIL_X_DQ_OMICRON-1238171796-60.root
MakeTriggers::Reset: reset all
Omicron::NewChunk: call a new chunk...
Osequence::NewChunk: 1238171854-1238171918
	- chunk 1238171854-1238171918 is loaded

>>>>>>>>>> (02:30:41 UTC) [+14s]: Processing H1:PEM-VAULT_MAG_1030X195Y_COIL_X_DQ 1238171854-1238171918 <<<<<<<<<<

Omicron::LoadData: load data vector...
	- get data from frames...
ffl::GetData: read data for H1:PEM-VAULT_MAG_1030X195Y_COIL_X_DQ between 1238171854.00000 and 1238171918.00000
ffl::GetData: 262144 samples
	- perform software injections...
Omicron::Condition: condition data vector...
	- transform data vector...
Sample::Transform: remove DC component...
Sample::Transform: resample input data...
Sample::Resample: apply anti-aliasing filters
Sample::Resample: decimate time-series
	- apply Tukey window...
	- update spectrum 1...
Spectrum::AddData: compute PSD
	- move the data in the frequency domain...
	- whiten chunk (1)
	- move the data back in the time domain...
	- update spectrum 2...
Spectrum::AddData: compute PSD
	- move the data in the frequency domain...
	- whiten chunk (2)
	- compute tiling power...
Omicron::Project: project data onto the tiles...
Otile::ProjectData: project the data on the Q planes
Omicron::WriteOutput: write chunk output...
	- write triggers 
Omicron::ExtractTriggers: 14397 triggers
Otile::SaveTriggers: saving triggers for H1:PEM-VAULT_MAG_1030X195Y_COIL_X_DQ in 1238171856.00000-1238171916.00000
Omicron::FlushTriggers
TriggerBuffer::Flush: 14397 triggers
	 - flushed
Triggers::SortTriggers: sorting triggers
	 - triggers sorted
	 - 14397 triggers
Omicron::WriteTriggers
MakeTriggers::Write: 14397 triggers
                     1 segments
                     in ./output/H1:PEM-VAULT_MAG_1030X195Y_COIL_X_DQ/H1-PEM_VAULT_MAG_1030X195Y_COIL_X_DQ_OMICRON-1238171856-60.root
MakeTriggers::Reset: reset all
Omicron::NewChunk: call a new chunk...
Osequence::NewChunk: 1238171914-1238171978
	- chunk 1238171914-1238171978 is loaded

>>>>>>>>>> (02:30:42 UTC) [+15s]: Processing H1:PEM-VAULT_MAG_1030X195Y_COIL_X_DQ 1238171914-1238171978 <<<<<<<<<<

Omicron::LoadData: load data vector...
	- get data from frames...
ffl::GetData: read data for H1:PEM-VAULT_MAG_1030X195Y_COIL_X_DQ between 1238171914.00000 and 1238171978.00000
ffl::GetData: 262144 samples
	- perform software injections...
Omicron::Condition: condition data vector...
	- transform data vector...
Sample::Transform: remove DC component...
Sample::Transform: resample input data...
Sample::Resample: apply anti-aliasing filters
Sample::Resample: decimate time-series
	- apply Tukey window...
	- update spectrum 1...
Spectrum::AddData: compute PSD
	- move the data in the frequency domain...
	- whiten chunk (1)
	- move the data back in the time domain...
	- update spectrum 2...
Spectrum::AddData: compute PSD
	- move the data in the frequency domain...
	- whiten chunk (2)
	- compute tiling power...
Omicron::Project: project data onto the tiles...
Otile::ProjectData: project the data on the Q planes
Omicron::WriteOutput: write chunk output...
	- write triggers 
Omicron::ExtractTriggers: 3235 triggers
Otile::SaveTriggers: saving triggers for H1:PEM-VAULT_MAG_1030X195Y_COIL_X_DQ in 1238171916.00000-1238171976.00000
Omicron::FlushTriggers
TriggerBuffer::Flush: 3235 triggers
	 - flushed
Triggers::SortTriggers: sorting triggers
	 - triggers sorted
	 - 3235 triggers
Omicron::WriteTriggers
MakeTriggers::Write: 3235 triggers
                     1 segments
                     in ./output/H1:PEM-VAULT_MAG_1030X195Y_COIL_X_DQ/H1-PEM_VAULT_MAG_1030X195Y_COIL_X_DQ_OMICRON-1238171916-60.root
MakeTriggers::Reset: reset all
Omicron::NewChunk: call a new chunk...
Osequence::NewChunk: 1238171974-1238172038
	- chunk 1238171974-1238172038 is loaded

>>>>>>>>>> (02:30:42 UTC) [+15s]: Processing H1:PEM-VAULT_MAG_1030X195Y_COIL_X_DQ 1238171974-1238172038 <<<<<<<<<<

Omicron::LoadData: load data vector...
	- get data from frames...
ffl::GetData: read data for H1:PEM-VAULT_MAG_1030X195Y_COIL_X_DQ between 1238171974.00000 and 1238172038.00000
ffl::GetData: 262144 samples
	- perform software injections...
Omicron::Condition: condition data vector...
	- transform data vector...
Sample::Transform: remove DC component...
Sample::Transform: resample input data...
Sample::Resample: apply anti-aliasing filters
Sample::Resample: decimate time-series
	- apply Tukey window...
	- update spectrum 1...
Spectrum::AddData: compute PSD
	- move the data in the frequency domain...
	- whiten chunk (1)
	- move the data back in the time domain...
	- update spectrum 2...
Spectrum::AddData: compute PSD
	- move the data in the frequency domain...
	- whiten chunk (2)
	- compute tiling power...
Omicron::Project: project data onto the tiles...
Otile::ProjectData: project the data on the Q planes
Omicron::WriteOutput: write chunk output...
	- write triggers 
Omicron::ExtractTriggers: 7233 triggers
Otile::SaveTriggers: saving triggers for H1:PEM-VAULT_MAG_1030X195Y_COIL_X_DQ in 1238171976.00000-1238172036.00000
Omicron::FlushTriggers
TriggerBuffer::Flush: 7233 triggers
	 - flushed
Triggers::SortTriggers: sorting triggers
	 - triggers sorted
	 - 7233 triggers
Omicron::WriteTriggers
MakeTriggers::Write: 7233 triggers
                     1 segments
                     in ./output/H1:PEM-VAULT_MAG_1030X195Y_COIL_X_DQ/H1-PEM_VAULT_MAG_1030X195Y_COIL_X_DQ_OMICRON-1238171976-60.root
MakeTriggers::Reset: reset all
Omicron::NewChunk: call a new chunk...
Osequence::NewChunk: 1238172034-1238172098
	- chunk 1238172034-1238172098 is loaded

>>>>>>>>>> (02:30:43 UTC) [+16s]: Processing H1:PEM-VAULT_MAG_1030X195Y_COIL_X_DQ 1238172034-1238172098 <<<<<<<<<<

Omicron::LoadData: load data vector...
	- get data from frames...
ffl::GetData: read data for H1:PEM-VAULT_MAG_1030X195Y_COIL_X_DQ between 1238172034.00000 and 1238172098.00000
ffl::GetData: 262144 samples
	- perform software injections...
Omicron::Condition: condition data vector...
	- transform data vector...
Sample::Transform: remove DC component...
Sample::Transform: resample input data...
Sample::Resample: apply anti-aliasing filters
Sample::Resample: decimate time-series
	- apply Tukey window...
	- update spectrum 1...
Spectrum::AddData: compute PSD
	- move the data in the frequency domain...
	- whiten chunk (1)
	- move the data back in the time domain...
	- update spectrum 2...
Spectrum::AddData: compute PSD
	- move the data in the frequency domain...
	- whiten chunk (2)
	- compute tiling power...
Omicron::Project: project data onto the tiles...
Otile::ProjectData: project the data on the Q planes
Omicron::WriteOutput: write chunk output...
	- write triggers 
Omicron::ExtractTriggers: 7259 triggers
Otile::SaveTriggers: saving triggers for H1:PEM-VAULT_MAG_1030X195Y_COIL_X_DQ in 1238172036.00000-1238172096.00000
Omicron::FlushTriggers
TriggerBuffer::Flush: 7259 triggers
	 - flushed
Triggers::SortTriggers: sorting triggers
	 - triggers sorted
	 - 7259 triggers
Omicron::WriteTriggers
MakeTriggers::Write: 7259 triggers
                     1 segments
                     in ./output/H1:PEM-VAULT_MAG_1030X195Y_COIL_X_DQ/H1-PEM_VAULT_MAG_1030X195Y_COIL_X_DQ_OMICRON-1238172036-60.root
MakeTriggers::Reset: reset all
Omicron::NewChunk: call a new chunk...
Osequence::NewChunk: 1238172094-1238172158
	- chunk 1238172094-1238172158 is loaded

>>>>>>>>>> (02:30:43 UTC) [+16s]: Processing H1:PEM-VAULT_MAG_1030X195Y_COIL_X_DQ 1238172094-1238172158 <<<<<<<<<<

Omicron::LoadData: load data vector...
	- get data from frames...
ffl::GetData: read data for H1:PEM-VAULT_MAG_1030X195Y_COIL_X_DQ between 1238172094.00000 and 1238172158.00000
ffl::GetData: 262144 samples
	- perform software injections...
Omicron::Condition: condition data vector...
	- transform data vector...
Sample::Transform: remove DC component...
Sample::Transform: resample input data...
Sample::Resample: apply anti-aliasing filters
Sample::Resample: decimate time-series
	- apply Tukey window...
	- update spectrum 1...
Spectrum::AddData: compute PSD
	- move the data in the frequency domain...
	- whiten chunk (1)
	- move the data back in the time domain...
	- update spectrum 2...
Spectrum::AddData: compute PSD
	- move the data in the frequency domain...
	- whiten chunk (2)
	- compute tiling power...
Omicron::Project: project data onto the tiles...
Otile::ProjectData: project the data on the Q planes
Omicron::WriteOutput: write chunk output...
	- write triggers 
Omicron::ExtractTriggers: 5896 triggers
Otile::SaveTriggers: saving triggers for H1:PEM-VAULT_MAG_1030X195Y_COIL_X_DQ in 1238172096.00000-1238172156.00000
Omicron::FlushTriggers
TriggerBuffer::Flush: 5896 triggers
	 - flushed
Triggers::SortTriggers: sorting triggers
	 - triggers sorted
	 - 5896 triggers
Omicron::WriteTriggers
MakeTriggers::Write: 5896 triggers
                     1 segments
                     in ./output/H1:PEM-VAULT_MAG_1030X195Y_COIL_X_DQ/H1-PEM_VAULT_MAG_1030X195Y_COIL_X_DQ_OMICRON-1238172096-60.root
MakeTriggers::Reset: reset all
Omicron::NewChunk: call a new chunk...
Osequence::NewChunk: 1238172154-1238172218
	- chunk 1238172154-1238172218 is loaded

>>>>>>>>>> (02:30:44 UTC) [+17s]: Processing H1:PEM-VAULT_MAG_1030X195Y_COIL_X_DQ 1238172154-1238172218 <<<<<<<<<<

Omicron::LoadData: load data vector...
	- get data from frames...
ffl::GetData: read data for H1:PEM-VAULT_MAG_1030X195Y_COIL_X_DQ between 1238172154.00000 and 1238172218.00000
ffl::GetData: 262144 samples
	- perform software injections...
Omicron::Condition: condition data vector...
	- transform data vector...
Sample::Transform: remove DC component...
Sample::Transform: resample input data...
Sample::Resample: apply anti-aliasing filters
Sample::Resample: decimate time-series
	- apply Tukey window...
	- update spectrum 1...
Spectrum::AddData: compute PSD
	- move the data in the frequency domain...
	- whiten chunk (1)
	- move the data back in the time domain...
	- update spectrum 2...
Spectrum::AddData: compute PSD
	- move the data in the frequency domain...
	- whiten chunk (2)
	- compute tiling power...
Omicron::Project: project data onto the tiles...
Otile::ProjectData: project the data on the Q planes
Omicron::WriteOutput: write chunk output...
	- write triggers 
Omicron::ExtractTriggers: 6820 triggers
Otile::SaveTriggers: saving triggers for H1:PEM-VAULT_MAG_1030X195Y_COIL_X_DQ in 1238172156.00000-1238172216.00000
Omicron::FlushTriggers
TriggerBuffer::Flush: 6820 triggers
	 - flushed
Triggers::SortTriggers: sorting triggers
	 - triggers sorted
	 - 6820 triggers
Omicron::WriteTriggers
MakeTriggers::Write: 6820 triggers
                     1 segments
                     in ./output/H1:PEM-VAULT_MAG_1030X195Y_COIL_X_DQ/H1-PEM_VAULT_MAG_1030X195Y_COIL_X_DQ_OMICRON-1238172156-60.root
MakeTriggers::Reset: reset all
Omicron::NewChunk: call a new chunk...
Osequence::NewChunk: 1238172214-1238172278
	- chunk 1238172214-1238172278 is loaded

>>>>>>>>>> (02:30:44 UTC) [+17s]: Processing H1:PEM-VAULT_MAG_1030X195Y_COIL_X_DQ 1238172214-1238172278 <<<<<<<<<<

Omicron::LoadData: load data vector...
	- get data from frames...
ffl::GetData: read data for H1:PEM-VAULT_MAG_1030X195Y_COIL_X_DQ between 1238172214.00000 and 1238172278.00000
ffl::GetData: 262144 samples
	- perform software injections...
Omicron::Condition: condition data vector...
	- transform data vector...
Sample::Transform: remove DC component...
Sample::Transform: resample input data...
Sample::Resample: apply anti-aliasing filters
Sample::Resample: decimate time-series
	- apply Tukey window...
	- update spectrum 1...
Spectrum::AddData: compute PSD
	- move the data in the frequency domain...
	- whiten chunk (1)
	- move the data back in the time domain...
	- update spectrum 2...
Spectrum::AddData: compute PSD
	- move the data in the frequency domain...
	- whiten chunk (2)
	- compute tiling power...
Omicron::Project: project data onto the tiles...
Otile::ProjectData: project the data on the Q planes
Omicron::WriteOutput: write chunk output...
	- write triggers 
Omicron::ExtractTriggers: 5620 triggers
Otile::SaveTriggers: saving triggers for H1:PEM-VAULT_MAG_1030X195Y_COIL_X_DQ in 1238172216.00000-1238172276.00000
Omicron::FlushTriggers
TriggerBuffer::Flush: 5620 triggers
	 - flushed
Triggers::SortTriggers: sorting triggers
	 - triggers sorted
	 - 5620 triggers
Omicron::WriteTriggers
MakeTriggers::Write: 5620 triggers
                     1 segments
                     in ./output/H1:PEM-VAULT_MAG_1030X195Y_COIL_X_DQ/H1-PEM_VAULT_MAG_1030X195Y_COIL_X_DQ_OMICRON-1238172216-60.root
MakeTriggers::Reset: reset all
Omicron::NewChunk: call a new chunk...
Osequence::NewChunk: 1238172274-1238172338
	- chunk 1238172274-1238172338 is loaded

>>>>>>>>>> (02:30:45 UTC) [+18s]: Processing H1:PEM-VAULT_MAG_1030X195Y_COIL_X_DQ 1238172274-1238172338 <<<<<<<<<<

Omicron::LoadData: load data vector...
	- get data from frames...
ffl::GetData: read data for H1:PEM-VAULT_MAG_1030X195Y_COIL_X_DQ between 1238172274.00000 and 1238172338.00000
ffl::GetData: 262144 samples
	- perform software injections...
Omicron::Condition: condition data vector...
	- transform data vector...
Sample::Transform: remove DC component...
Sample::Transform: resample input data...
Sample::Resample: apply anti-aliasing filters
Sample::Resample: decimate time-series
	- apply Tukey window...
	- update spectrum 1...
Spectrum::AddData: compute PSD
	- move the data in the frequency domain...
	- whiten chunk (1)
	- move the data back in the time domain...
	- update spectrum 2...
Spectrum::AddData: compute PSD
	- move the data in the frequency domain...
	- whiten chunk (2)
	- compute tiling power...
Omicron::Project: project data onto the tiles...
Otile::ProjectData: project the data on the Q planes
Omicron::WriteOutput: write chunk output...
	- write triggers 
Omicron::ExtractTriggers: 8039 triggers
Otile::SaveTriggers: saving triggers for H1:PEM-VAULT_MAG_1030X195Y_COIL_X_DQ in 1238172276.00000-1238172336.00000
Omicron::FlushTriggers
TriggerBuffer::Flush: 8039 triggers
	 - flushed
Triggers::SortTriggers: sorting triggers
	 - triggers sorted
	 - 8039 triggers
Omicron::WriteTriggers
MakeTriggers::Write: 8039 triggers
                     1 segments
                     in ./output/H1:PEM-VAULT_MAG_1030X195Y_COIL_X_DQ/H1-PEM_VAULT_MAG_1030X195Y_COIL_X_DQ_OMICRON-1238172276-60.root
MakeTriggers::Reset: reset all
Omicron::NewChunk: call a new chunk...
Osequence::NewChunk: 1238172334-1238172398
	- chunk 1238172334-1238172398 is loaded

>>>>>>>>>> (02:30:45 UTC) [+18s]: Processing H1:PEM-VAULT_MAG_1030X195Y_COIL_X_DQ 1238172334-1238172398 <<<<<<<<<<

Omicron::LoadData: load data vector...
	- get data from frames...
ffl::GetData: read data for H1:PEM-VAULT_MAG_1030X195Y_COIL_X_DQ between 1238172334.00000 and 1238172398.00000
ffl::GetData: 262144 samples
	- perform software injections...
Omicron::Condition: condition data vector...
	- transform data vector...
Sample::Transform: remove DC component...
Sample::Transform: resample input data...
Sample::Resample: apply anti-aliasing filters
Sample::Resample: decimate time-series
	- apply Tukey window...
	- update spectrum 1...
Spectrum::AddData: compute PSD
	- move the data in the frequency domain...
	- whiten chunk (1)
	- move the data back in the time domain...
	- update spectrum 2...
Spectrum::AddData: compute PSD
	- move the data in the frequency domain...
	- whiten chunk (2)
	- compute tiling power...
Omicron::Project: project data onto the tiles...
Otile::ProjectData: project the data on the Q planes
Omicron::WriteOutput: write chunk output...
	- write triggers 
Omicron::ExtractTriggers: 7933 triggers
Otile::SaveTriggers: saving triggers for H1:PEM-VAULT_MAG_1030X195Y_COIL_X_DQ in 1238172336.00000-1238172396.00000
Omicron::FlushTriggers
TriggerBuffer::Flush: 7933 triggers
	 - flushed
Triggers::SortTriggers: sorting triggers
	 - triggers sorted
	 - 7933 triggers
Omicron::WriteTriggers
MakeTriggers::Write: 7933 triggers
                     1 segments
                     in ./output/H1:PEM-VAULT_MAG_1030X195Y_COIL_X_DQ/H1-PEM_VAULT_MAG_1030X195Y_COIL_X_DQ_OMICRON-1238172336-60.root
MakeTriggers::Reset: reset all
Omicron::NewChunk: call a new chunk...
Osequence::NewChunk: 1238172394-1238172458
	- chunk 1238172394-1238172458 is loaded

>>>>>>>>>> (02:30:46 UTC) [+19s]: Processing H1:PEM-VAULT_MAG_1030X195Y_COIL_X_DQ 1238172394-1238172458 <<<<<<<<<<

Omicron::LoadData: load data vector...
	- get data from frames...
ffl::GetData: read data for H1:PEM-VAULT_MAG_1030X195Y_COIL_X_DQ between 1238172394.00000 and 1238172458.00000
ffl::GetData: 262144 samples
	- perform software injections...
Omicron::Condition: condition data vector...
	- transform data vector...
Sample::Transform: remove DC component...
Sample::Transform: resample input data...
Sample::Resample: apply anti-aliasing filters
Sample::Resample: decimate time-series
	- apply Tukey window...
	- update spectrum 1...
Spectrum::AddData: compute PSD
	- move the data in the frequency domain...
	- whiten chunk (1)
	- move the data back in the time domain...
	- update spectrum 2...
Spectrum::AddData: compute PSD
	- move the data in the frequency domain...
	- whiten chunk (2)
	- compute tiling power...
Omicron::Project: project data onto the tiles...
Otile::ProjectData: project the data on the Q planes
Omicron::WriteOutput: write chunk output...
	- write triggers 
Omicron::ExtractTriggers: 10504 triggers
Otile::SaveTriggers: saving triggers for H1:PEM-VAULT_MAG_1030X195Y_COIL_X_DQ in 1238172396.00000-1238172456.00000
Omicron::FlushTriggers
TriggerBuffer::Flush: 10504 triggers
	 - flushed
Triggers::SortTriggers: sorting triggers
	 - triggers sorted
	 - 10504 triggers
Omicron::WriteTriggers
MakeTriggers::Write: 10504 triggers
                     1 segments
                     in ./output/H1:PEM-VAULT_MAG_1030X195Y_COIL_X_DQ/H1-PEM_VAULT_MAG_1030X195Y_COIL_X_DQ_OMICRON-1238172396-60.root
MakeTriggers::Reset: reset all
Omicron::NewChunk: call a new chunk...
Osequence::NewChunk: 1238172454-1238172518
	- chunk 1238172454-1238172518 is loaded

>>>>>>>>>> (02:30:46 UTC) [+19s]: Processing H1:PEM-VAULT_MAG_1030X195Y_COIL_X_DQ 1238172454-1238172518 <<<<<<<<<<

Omicron::LoadData: load data vector...
	- get data from frames...
ffl::GetData: read data for H1:PEM-VAULT_MAG_1030X195Y_COIL_X_DQ between 1238172454.00000 and 1238172518.00000
ffl::GetData: 262144 samples
	- perform software injections...
Omicron::Condition: condition data vector...
	- transform data vector...
Sample::Transform: remove DC component...
Sample::Transform: resample input data...
Sample::Resample: apply anti-aliasing filters
Sample::Resample: decimate time-series
	- apply Tukey window...
	- update spectrum 1...
Spectrum::AddData: compute PSD
	- move the data in the frequency domain...
	- whiten chunk (1)
	- move the data back in the time domain...
	- update spectrum 2...
Spectrum::AddData: compute PSD
	- move the data in the frequency domain...
	- whiten chunk (2)
	- compute tiling power...
Omicron::Project: project data onto the tiles...
Otile::ProjectData: project the data on the Q planes
Omicron::WriteOutput: write chunk output...
	- write triggers 
Omicron::ExtractTriggers: 4743 triggers
Otile::SaveTriggers: saving triggers for H1:PEM-VAULT_MAG_1030X195Y_COIL_X_DQ in 1238172456.00000-1238172516.00000
Omicron::FlushTriggers
TriggerBuffer::Flush: 4743 triggers
	 - flushed
Triggers::SortTriggers: sorting triggers
	 - triggers sorted
	 - 4743 triggers
Omicron::WriteTriggers
MakeTriggers::Write: 4743 triggers
                     1 segments
                     in ./output/H1:PEM-VAULT_MAG_1030X195Y_COIL_X_DQ/H1-PEM_VAULT_MAG_1030X195Y_COIL_X_DQ_OMICRON-1238172456-60.root
MakeTriggers::Reset: reset all
Omicron::NewChunk: call a new chunk...
Osequence::NewChunk: 1238172514-1238172578
	- chunk 1238172514-1238172578 is loaded

>>>>>>>>>> (02:30:47 UTC) [+20s]: Processing H1:PEM-VAULT_MAG_1030X195Y_COIL_X_DQ 1238172514-1238172578 <<<<<<<<<<

Omicron::LoadData: load data vector...
	- get data from frames...
ffl::GetData: read data for H1:PEM-VAULT_MAG_1030X195Y_COIL_X_DQ between 1238172514.00000 and 1238172578.00000
ffl::GetData: 262144 samples
	- perform software injections...
Omicron::Condition: condition data vector...
	- transform data vector...
Sample::Transform: remove DC component...
Sample::Transform: resample input data...
Sample::Resample: apply anti-aliasing filters
Sample::Resample: decimate time-series
	- apply Tukey window...
	- update spectrum 1...
Spectrum::AddData: compute PSD
	- move the data in the frequency domain...
	- whiten chunk (1)
	- move the data back in the time domain...
	- update spectrum 2...
Spectrum::AddData: compute PSD
	- move the data in the frequency domain...
	- whiten chunk (2)
	- compute tiling power...
Omicron::Project: project data onto the tiles...
Otile::ProjectData: project the data on the Q planes
Omicron::WriteOutput: write chunk output...
	- write triggers 
Omicron::ExtractTriggers: 5609 triggers
Otile::SaveTriggers: saving triggers for H1:PEM-VAULT_MAG_1030X195Y_COIL_X_DQ in 1238172516.00000-1238172576.00000
Omicron::FlushTriggers
TriggerBuffer::Flush: 5609 triggers
	 - flushed
Triggers::SortTriggers: sorting triggers
	 - triggers sorted
	 - 5609 triggers
Omicron::WriteTriggers
MakeTriggers::Write: 5609 triggers
                     1 segments
                     in ./output/H1:PEM-VAULT_MAG_1030X195Y_COIL_X_DQ/H1-PEM_VAULT_MAG_1030X195Y_COIL_X_DQ_OMICRON-1238172516-60.root
MakeTriggers::Reset: reset all
Omicron::NewChunk: call a new chunk...
Osequence::NewChunk: 1238172574-1238172638
	- chunk 1238172574-1238172638 is loaded

>>>>>>>>>> (02:30:47 UTC) [+20s]: Processing H1:PEM-VAULT_MAG_1030X195Y_COIL_X_DQ 1238172574-1238172638 <<<<<<<<<<

Omicron::LoadData: load data vector...
	- get data from frames...
ffl::GetData: read data for H1:PEM-VAULT_MAG_1030X195Y_COIL_X_DQ between 1238172574.00000 and 1238172638.00000
ffl::GetData: 262144 samples
	- perform software injections...
Omicron::Condition: condition data vector...
	- transform data vector...
Sample::Transform: remove DC component...
Sample::Transform: resample input data...
Sample::Resample: apply anti-aliasing filters
Sample::Resample: decimate time-series
	- apply Tukey window...
	- update spectrum 1...
Spectrum::AddData: compute PSD
	- move the data in the frequency domain...
	- whiten chunk (1)
	- move the data back in the time domain...
	- update spectrum 2...
Spectrum::AddData: compute PSD
	- move the data in the frequency domain...
	- whiten chunk (2)
	- compute tiling power...
Omicron::Project: project data onto the tiles...
Otile::ProjectData: project the data on the Q planes
Omicron::WriteOutput: write chunk output...
	- write triggers 
Omicron::ExtractTriggers: 6514 triggers
Otile::SaveTriggers: saving triggers for H1:PEM-VAULT_MAG_1030X195Y_COIL_X_DQ in 1238172576.00000-1238172636.00000
Omicron::FlushTriggers
TriggerBuffer::Flush: 6514 triggers
	 - flushed
Triggers::SortTriggers: sorting triggers
	 - triggers sorted
	 - 6514 triggers
Omicron::WriteTriggers
MakeTriggers::Write: 6514 triggers
                     1 segments
                     in ./output/H1:PEM-VAULT_MAG_1030X195Y_COIL_X_DQ/H1-PEM_VAULT_MAG_1030X195Y_COIL_X_DQ_OMICRON-1238172576-60.root
MakeTriggers::Reset: reset all
Omicron::NewChunk: call a new chunk...
Osequence::NewChunk: 1238172634-1238172698
	- chunk 1238172634-1238172698 is loaded

>>>>>>>>>> (02:30:48 UTC) [+21s]: Processing H1:PEM-VAULT_MAG_1030X195Y_COIL_X_DQ 1238172634-1238172698 <<<<<<<<<<

Omicron::LoadData: load data vector...
	- get data from frames...
ffl::GetData: read data for H1:PEM-VAULT_MAG_1030X195Y_COIL_X_DQ between 1238172634.00000 and 1238172698.00000
ffl::GetData: 262144 samples
	- perform software injections...
Omicron::Condition: condition data vector...
	- transform data vector...
Sample::Transform: remove DC component...
Sample::Transform: resample input data...
Sample::Resample: apply anti-aliasing filters
Sample::Resample: decimate time-series
	- apply Tukey window...
	- update spectrum 1...
Spectrum::AddData: compute PSD
	- move the data in the frequency domain...
	- whiten chunk (1)
	- move the data back in the time domain...
	- update spectrum 2...
Spectrum::AddData: compute PSD
	- move the data in the frequency domain...
	- whiten chunk (2)
	- compute tiling power...
Omicron::Project: project data onto the tiles...
Otile::ProjectData: project the data on the Q planes
Omicron::WriteOutput: write chunk output...
	- write triggers 
Omicron::ExtractTriggers: 8308 triggers
Otile::SaveTriggers: saving triggers for H1:PEM-VAULT_MAG_1030X195Y_COIL_X_DQ in 1238172636.00000-1238172696.00000
Omicron::FlushTriggers
TriggerBuffer::Flush: 8308 triggers
	 - flushed
Triggers::SortTriggers: sorting triggers
	 - triggers sorted
	 - 8308 triggers
Omicron::WriteTriggers
MakeTriggers::Write: 8308 triggers
                     1 segments
                     in ./output/H1:PEM-VAULT_MAG_1030X195Y_COIL_X_DQ/H1-PEM_VAULT_MAG_1030X195Y_COIL_X_DQ_OMICRON-1238172636-60.root
MakeTriggers::Reset: reset all
Omicron::NewChunk: call a new chunk...
Osequence::NewChunk: 1238172694-1238172758
	- chunk 1238172694-1238172758 is loaded

>>>>>>>>>> (02:30:48 UTC) [+21s]: Processing H1:PEM-VAULT_MAG_1030X195Y_COIL_X_DQ 1238172694-1238172758 <<<<<<<<<<

Omicron::LoadData: load data vector...
	- get data from frames...
ffl::GetData: read data for H1:PEM-VAULT_MAG_1030X195Y_COIL_X_DQ between 1238172694.00000 and 1238172758.00000
ffl::GetData: 262144 samples
	- perform software injections...
Omicron::Condition: condition data vector...
	- transform data vector...
Sample::Transform: remove DC component...
Sample::Transform: resample input data...
Sample::Resample: apply anti-aliasing filters
Sample::Resample: decimate time-series
	- apply Tukey window...
	- update spectrum 1...
Spectrum::AddData: compute PSD
	- move the data in the frequency domain...
	- whiten chunk (1)
	- move the data back in the time domain...
	- update spectrum 2...
Spectrum::AddData: compute PSD
	- move the data in the frequency domain...
	- whiten chunk (2)
	- compute tiling power...
Omicron::Project: project data onto the tiles...
Otile::ProjectData: project the data on the Q planes
Omicron::WriteOutput: write chunk output...
	- write triggers 
Omicron::ExtractTriggers: 4657 triggers
Otile::SaveTriggers: saving triggers for H1:PEM-VAULT_MAG_1030X195Y_COIL_X_DQ in 1238172696.00000-1238172756.00000
Omicron::FlushTriggers
TriggerBuffer::Flush: 4657 triggers
	 - flushed
Triggers::SortTriggers: sorting triggers
	 - triggers sorted
	 - 4657 triggers
Omicron::WriteTriggers
MakeTriggers::Write: 4657 triggers
                     1 segments
                     in ./output/H1:PEM-VAULT_MAG_1030X195Y_COIL_X_DQ/H1-PEM_VAULT_MAG_1030X195Y_COIL_X_DQ_OMICRON-1238172696-60.root
MakeTriggers::Reset: reset all
Omicron::NewChunk: call a new chunk...
Osequence::NewChunk: 1238172754-1238172818
	- chunk 1238172754-1238172818 is loaded

>>>>>>>>>> (02:30:49 UTC) [+22s]: Processing H1:PEM-VAULT_MAG_1030X195Y_COIL_X_DQ 1238172754-1238172818 <<<<<<<<<<

Omicron::LoadData: load data vector...
	- get data from frames...
ffl::GetData: read data for H1:PEM-VAULT_MAG_1030X195Y_COIL_X_DQ between 1238172754.00000 and 1238172818.00000
ffl::GetData: 262144 samples
	- perform software injections...
Omicron::Condition: condition data vector...
	- transform data vector...
Sample::Transform: remove DC component...
Sample::Transform: resample input data...
Sample::Resample: apply anti-aliasing filters
Sample::Resample: decimate time-series
	- apply Tukey window...
	- update spectrum 1...
Spectrum::AddData: compute PSD
	- move the data in the frequency domain...
	- whiten chunk (1)
	- move the data back in the time domain...
	- update spectrum 2...
Spectrum::AddData: compute PSD
	- move the data in the frequency domain...
	- whiten chunk (2)
	- compute tiling power...
Omicron::Project: project data onto the tiles...
Otile::ProjectData: project the data on the Q planes
Omicron::WriteOutput: write chunk output...
	- write triggers 
Omicron::ExtractTriggers: 9310 triggers
Otile::SaveTriggers: saving triggers for H1:PEM-VAULT_MAG_1030X195Y_COIL_X_DQ in 1238172756.00000-1238172816.00000
Omicron::FlushTriggers
TriggerBuffer::Flush: 9310 triggers
	 - flushed
Triggers::SortTriggers: sorting triggers
	 - triggers sorted
	 - 9310 triggers
Omicron::WriteTriggers
MakeTriggers::Write: 9310 triggers
                     1 segments
                     in ./output/H1:PEM-VAULT_MAG_1030X195Y_COIL_X_DQ/H1-PEM_VAULT_MAG_1030X195Y_COIL_X_DQ_OMICRON-1238172756-60.root
MakeTriggers::Reset: reset all
Omicron::NewChunk: call a new chunk...
Osequence::NewChunk: 1238172814-1238172878
	- chunk 1238172814-1238172878 is loaded

>>>>>>>>>> (02:30:49 UTC) [+22s]: Processing H1:PEM-VAULT_MAG_1030X195Y_COIL_X_DQ 1238172814-1238172878 <<<<<<<<<<

Omicron::LoadData: load data vector...
	- get data from frames...
ffl::GetData: read data for H1:PEM-VAULT_MAG_1030X195Y_COIL_X_DQ between 1238172814.00000 and 1238172878.00000
ffl::GetData: 262144 samples
	- perform software injections...
Omicron::Condition: condition data vector...
	- transform data vector...
Sample::Transform: remove DC component...
Sample::Transform: resample input data...
Sample::Resample: apply anti-aliasing filters
Sample::Resample: decimate time-series
	- apply Tukey window...
	- update spectrum 1...
Spectrum::AddData: compute PSD
	- move the data in the frequency domain...
	- whiten chunk (1)
	- move the data back in the time domain...
	- update spectrum 2...
Spectrum::AddData: compute PSD
	- move the data in the frequency domain...
	- whiten chunk (2)
	- compute tiling power...
Omicron::Project: project data onto the tiles...
Otile::ProjectData: project the data on the Q planes
Omicron::WriteOutput: write chunk output...
	- write triggers 
Omicron::ExtractTriggers: 8047 triggers
Otile::SaveTriggers: saving triggers for H1:PEM-VAULT_MAG_1030X195Y_COIL_X_DQ in 1238172816.00000-1238172876.00000
Omicron::FlushTriggers
TriggerBuffer::Flush: 8047 triggers
	 - flushed
Triggers::SortTriggers: sorting triggers
	 - triggers sorted
	 - 8047 triggers
Omicron::WriteTriggers
MakeTriggers::Write: 8047 triggers
                     1 segments
                     in ./output/H1:PEM-VAULT_MAG_1030X195Y_COIL_X_DQ/H1-PEM_VAULT_MAG_1030X195Y_COIL_X_DQ_OMICRON-1238172816-60.root
MakeTriggers::Reset: reset all
Omicron::NewChunk: call a new chunk...
	- chunk 1238172865-1238172929 is loaded

>>>>>>>>>> (02:30:50 UTC) [+23s]: Processing H1:PEM-VAULT_MAG_1030X195Y_COIL_X_DQ 1238172865-1238172929 <<<<<<<<<<

Omicron::LoadData: load data vector...
	- get data from frames...
ffl::GetData: read data for H1:PEM-VAULT_MAG_1030X195Y_COIL_X_DQ between 1238172865.00000 and 1238172929.00000
ffl::GetData: 262144 samples
	- perform software injections...
Omicron::Condition: condition data vector...
	- transform data vector...
Sample::Transform: remove DC component...
Sample::Transform: resample input data...
Sample::Resample: apply anti-aliasing filters
Sample::Resample: decimate time-series
	- apply Tukey window...
	- update spectrum 1...
Spectrum::AddData: compute PSD
	- move the data in the frequency domain...
	- whiten chunk (1)
	- move the data back in the time domain...
	- update spectrum 2...
Spectrum::AddData: compute PSD
	- move the data in the frequency domain...
	- whiten chunk (2)
	- compute tiling power...
Omicron::Project: project data onto the tiles...
Otile::ProjectData: project the data on the Q planes
Omicron::WriteOutput: write chunk output...
	- write triggers 
Omicron::ExtractTriggers: 4843 triggers
Otile::SaveTriggers: saving triggers for H1:PEM-VAULT_MAG_1030X195Y_COIL_X_DQ in 1238172876.00000-1238172927.00000
Omicron::FlushTriggers
TriggerBuffer::Flush: 4148 triggers
	 - flushed
Triggers::SortTriggers: sorting triggers
	 - triggers sorted
	 - 4148 triggers
Omicron::WriteTriggers
MakeTriggers::Write: 4148 triggers
                     1 segments
                     in ./output/H1:PEM-VAULT_MAG_1030X195Y_COIL_X_DQ/H1-PEM_VAULT_MAG_1030X195Y_COIL_X_DQ_OMICRON-1238172876-51.root
MakeTriggers::Reset: reset all
Omicron::NewChunk: call a new chunk...
Osequence::NewChunk: end of segments
Omicron::NewChannel: load a new channel...
	- no more channels to load

>>>>>>>>>> (02:30:50 UTC) [+23s]: Omicron processing is over <<<<<<<<<<


************* Omicron status info *************
requested start         = 1238170954
requested end           = 1238172929
requested livetime      = 1975 s
number of chunks        = 33

*** H1:PEM-VAULT_MAG_1030X195Y_COIL_X_DQ
number of data calls         = 33
number of conditioning calls = 33
number of projection calls   = 33
number of write calls        = 33
start_out                    = 1238170956
end_out                      = 1238172927
trigger livetime             = 1971s (99.79747%)
***********************************************

Omicron::~Omicron
TriggerBuffer::~TriggerBuffer
MakeTriggers::~MakeTriggers
Streams::~Streams
Sample::~Sample
Triggers::~Triggers
Spectrum::~Spectrum
Spectrum::~Spectrum
ffl::~ffl
ffl::Reset: reset ffl
InjEct::~InjEct
InjRea::~InjRea
Otile::~Otile
Osequence::~Osequence
